#
# There is insufficient memory for the Java Runtime Environment to continue.
# Native memory allocation (mmap) failed to map 74448896 bytes for committing reserved memory.
# Possible reasons:
#   The system is out of physical RAM or swap space
#   In 32 bit mode, the process size limit was hit
# Possible solutions:
#   Reduce memory load on the system
#   Increase physical memory or swap space
#   Check if swap backing store is full
#   Use 64 bit Java on a 64 bit OS
#   Decrease Java heap size (-Xmx/-Xms)
#   Decrease number of Java threads
#   Decrease Java thread stack sizes (-Xss)
#   Set larger code cache with -XX:ReservedCodeCacheSize=
# This output file may be truncated or incomplete.
#
#  Out of Memory Error (os_linux.cpp:2640), pid=8326, tid=0x00007f407c51d700
#
# JRE version: Java(TM) SE Runtime Environment (8.0_151-b12) (build 1.8.0_151-b12)
# Java VM: Java HotSpot(TM) 64-Bit Server VM (25.151-b12 mixed mode linux-amd64 compressed oops)
# Failed to write core dump. Core dumps have been disabled. To enable core dumping, try "ulimit -c unlimited" before starting Java again
#

---------------  T H R E A D  ---------------

Current thread (0x00007f408c073800):  VMThread [stack: 0x00007f407c41d000,0x00007f407c51e000] [id=8348]

Stack: [0x00007f407c41d000,0x00007f407c51e000],  sp=0x00007f407c51c120,  free space=1020k
Native frames: (J=compiled Java code, j=interpreted, Vv=VM code, C=native code)
V  [libjvm.so+0xacb58a]  VMError::report_and_die()+0x2ba
V  [libjvm.so+0x4ff4ab]  report_vm_out_of_memory(char const*, int, unsigned long, VMErrorType, char const*)+0x8b
V  [libjvm.so+0x928113]  os::Linux::commit_memory_impl(char*, unsigned long, bool)+0x103
V  [libjvm.so+0x928669]  os::pd_commit_memory(char*, unsigned long, unsigned long, bool)+0x29
V  [libjvm.so+0x92288a]  os::commit_memory(char*, unsigned long, unsigned long, bool)+0x2a
V  [libjvm.so+0x9973e3]  PSVirtualSpace::expand_by(unsigned long)+0x53
V  [libjvm.so+0x9987e8]  PSYoungGen::resize_generation(unsigned long, unsigned long)+0xf8
V  [libjvm.so+0x997942]  PSYoungGen::resize(unsigned long, unsigned long)+0x22
V  [libjvm.so+0x994c1b]  PSScavenge::invoke_no_policy()+0xf3b
V  [libjvm.so+0x9953a1]  PSScavenge::invoke()+0x41
V  [libjvm.so+0x94c0d0]  ParallelScavengeHeap::failed_mem_allocate(unsigned long)+0x70
V  [libjvm.so+0xaccfa7]  VM_ParallelGCFailedAllocation::doit()+0x97
V  [libjvm.so+0xad4a85]  VM_Operation::evaluate()+0x55
V  [libjvm.so+0xad2e5a]  VMThread::evaluate_operation(VM_Operation*)+0xba
V  [libjvm.so+0xad31de]  VMThread::loop()+0x1ce
V  [libjvm.so+0xad3650]  VMThread::run()+0x70
V  [libjvm.so+0x92a728]  java_start(Thread*)+0x108

VM_Operation (0x00007f40950acbb0): ParallelGCFailedAllocation, mode: safepoint, requested by thread 0x00007f408c00a000


---------------  P R O C E S S  ---------------

Java Threads: ( => current thread )
  0x00007f408c0b9800 JavaThread "Service Thread" daemon [_thread_blocked, id=8354, stack(0x00007f4067bfc000,0x00007f4067cfd000)]
  0x00007f408c0b7000 JavaThread "C1 CompilerThread1" daemon [_thread_blocked, id=8353, stack(0x00007f4067cfd000,0x00007f4067dfe000)]
  0x00007f408c0b4000 JavaThread "C2 CompilerThread0" daemon [_thread_blocked, id=8352, stack(0x00007f4067dfe000,0x00007f4067eff000)]
  0x00007f408c0b2800 JavaThread "Signal Dispatcher" daemon [_thread_blocked, id=8351, stack(0x00007f4067eff000,0x00007f4068000000)]
  0x00007f408c080000 JavaThread "Finalizer" daemon [_thread_blocked, id=8350, stack(0x00007f407c21b000,0x00007f407c31c000)]
  0x00007f408c07b000 JavaThread "Reference Handler" daemon [_thread_blocked, id=8349, stack(0x00007f407c31c000,0x00007f407c41d000)]
  0x00007f408c00a000 JavaThread "main" [_thread_blocked, id=8345, stack(0x00007f4094faf000,0x00007f40950b0000)]

Other Threads:
=>0x00007f408c073800 VMThread [stack: 0x00007f407c41d000,0x00007f407c51e000] [id=8348]
  0x00007f408c0bc800 WatcherThread [stack: 0x00007f4067afb000,0x00007f4067bfc000] [id=8355]

VM state:at safepoint (normal execution)

VM Mutex/Monitor currently owned by a thread:  ([mutex/lock_event])
[0x00007f408c0061a0] Threads_lock - owner thread: 0x00007f408c073800
[0x00007f408c0066a0] Heap_lock - owner thread: 0x00007f408c00a000

Heap:
 PSYoungGen      total 74752K, used 5600K [0x00000000f5900000, 0x00000000fa800000, 0x0000000100000000)
  eden space 69120K, 0% used [0x00000000f5900000,0x00000000f5900000,0x00000000f9c80000)
  from space 5632K, 99% used [0x00000000f9c80000,0x00000000fa1f8020,0x00000000fa200000)
  to   space 5120K, 0% used [0x00000000fa200000,0x00000000fa200000,0x00000000fa700000)
 ParOldGen       total 22016K, used 13646K [0x00000000e0a00000, 0x00000000e1f80000, 0x00000000f5900000)
  object space 22016K, 61% used [0x00000000e0a00000,0x00000000e1753898,0x00000000e1f80000)
 Metaspace       used 17140K, capacity 17470K, committed 17536K, reserved 1064960K
  class space    used 2031K, capacity 2143K, committed 2176K, reserved 1048576K

Card table byte_map: [0x00007f4091c3e000,0x00007f4091d3a000] byte_map_base: 0x00007f4091539000

Marking Bits: (ParMarkBitMap*) 0x00007f409446bf80
 Begin Bits: [0x00007f4090a8c000, 0x00007f4091264000)
 End Bits:   [0x00007f4091264000, 0x00007f4091a3c000)

Polling page: 0x00007f40950bc000

CodeCache: size=245760Kb used=8713Kb max_used=8724Kb free=237046Kb
 bounds [0x00007f407d000000, 0x00007f407d890000, 0x00007f408c000000]
 total_blobs=3182 nmethods=2845 adapters=251
 compilation: enabled

Compilation events (10 events):
Event: 5.791 Thread 0x00007f408c0b7000 nmethod 2866 0x00007f407d880c50 code [0x00007f407d880da0, 0x00007f407d880f10]
Event: 5.791 Thread 0x00007f408c0b7000 2867       2       org.apache.maven.model.Model::setMailingLists (6 bytes)
Event: 5.791 Thread 0x00007f408c0b7000 nmethod 2867 0x00007f407d880910 code [0x00007f407d880a60, 0x00007f407d880bd0]
Event: 5.792 Thread 0x00007f408c0b4000 nmethod 2792 0x00007f407d888450 code [0x00007f407d8885a0, 0x00007f407d888618]
Event: 5.792 Thread 0x00007f408c0b4000 2787       4       java.util.LinkedHashMap::afterNodeInsertion (40 bytes)
Event: 5.795 Thread 0x00007f408c0b4000 nmethod 2787 0x00007f407d880490 code [0x00007f407d880600, 0x00007f407d880788]
Event: 5.795 Thread 0x00007f408c0b4000 2868   !   4       org.apache.maven.model.interpolation.StringSearchModelInterpolator$InterpolateObjectAction$MapField::doInterpolate (162 bytes)
Event: 5.864 Thread 0x00007f408c0b7000 2869       2       org.codehaus.plexus.component.repository.ComponentDependency::setArtifactId (6 bytes)
Event: 5.904 Thread 0x00007f408c0b7000 nmethod 2869 0x00007f407d880110 code [0x00007f407d880260, 0x00007f407d8803d0]
Event: 5.907 Thread 0x00007f408c0b7000 2870       2       org.codehaus.plexus.component.repository.ComponentDependency::setGroupId (6 bytes)

GC Heap History (10 events):
Event: 0.992 GC heap after
Heap after GC invocations=2 (full 0):
 PSYoungGen      total 18432K, used 1008K [0x00000000f5900000, 0x00000000f6c00000, 0x0000000100000000)
  eden space 17408K, 0% used [0x00000000f5900000,0x00000000f5900000,0x00000000f6a00000)
  from space 1024K, 98% used [0x00000000f6b00000,0x00000000f6bfc010,0x00000000f6c00000)
  to   space 1024K, 0% used [0x00000000f6a00000,0x00000000f6a00000,0x00000000f6b00000)
 ParOldGen       total 22016K, used 2780K [0x00000000e0a00000, 0x00000000e1f80000, 0x00000000f5900000)
  object space 22016K, 12% used [0x00000000e0a00000,0x00000000e0cb72c8,0x00000000e1f80000)
 Metaspace       used 7392K, capacity 7540K, committed 7680K, reserved 1056768K
  class space    used 906K, capacity 984K, committed 1024K, reserved 1048576K
}
Event: 1.423 GC heap before
{Heap before GC invocations=3 (full 0):
 PSYoungGen      total 18432K, used 18416K [0x00000000f5900000, 0x00000000f6c00000, 0x0000000100000000)
  eden space 17408K, 100% used [0x00000000f5900000,0x00000000f6a00000,0x00000000f6a00000)
  from space 1024K, 98% used [0x00000000f6b00000,0x00000000f6bfc010,0x00000000f6c00000)
  to   space 1024K, 0% used [0x00000000f6a00000,0x00000000f6a00000,0x00000000f6b00000)
 ParOldGen       total 22016K, used 2780K [0x00000000e0a00000, 0x00000000e1f80000, 0x00000000f5900000)
  object space 22016K, 12% used [0x00000000e0a00000,0x00000000e0cb72c8,0x00000000e1f80000)
 Metaspace       used 8364K, capacity 8570K, committed 8832K, reserved 1056768K
  class space    used 1035K, capacity 1113K, committed 1152K, reserved 1048576K
Event: 1.456 GC heap after
Heap after GC invocations=3 (full 0):
 PSYoungGen      total 18432K, used 1024K [0x00000000f5900000, 0x00000000f7d00000, 0x0000000100000000)
  eden space 17408K, 0% used [0x00000000f5900000,0x00000000f5900000,0x00000000f6a00000)
  from space 1024K, 100% used [0x00000000f6a00000,0x00000000f6b00000,0x00000000f6b00000)
  to   space 1024K, 0% used [0x00000000f7c00000,0x00000000f7c00000,0x00000000f7d00000)
 ParOldGen       total 22016K, used 4483K [0x00000000e0a00000, 0x00000000e1f80000, 0x00000000f5900000)
  object space 22016K, 20% used [0x00000000e0a00000,0x00000000e0e60dd8,0x00000000e1f80000)
 Metaspace       used 8364K, capacity 8570K, committed 8832K, reserved 1056768K
  class space    used 1035K, capacity 1113K, committed 1152K, reserved 1048576K
}
Event: 1.824 GC heap before
{Heap before GC invocations=4 (full 0):
 PSYoungGen      total 18432K, used 18432K [0x00000000f5900000, 0x00000000f7d00000, 0x0000000100000000)
  eden space 17408K, 100% used [0x00000000f5900000,0x00000000f6a00000,0x00000000f6a00000)
  from space 1024K, 100% used [0x00000000f6a00000,0x00000000f6b00000,0x00000000f6b00000)
  to   space 1024K, 0% used [0x00000000f7c00000,0x00000000f7c00000,0x00000000f7d00000)
 ParOldGen       total 22016K, used 4483K [0x00000000e0a00000, 0x00000000e1f80000, 0x00000000f5900000)
  object space 22016K, 20% used [0x00000000e0a00000,0x00000000e0e60dd8,0x00000000e1f80000)
 Metaspace       used 10583K, capacity 10742K, committed 11008K, reserved 1058816K
  class space    used 1327K, capacity 1411K, committed 1536K, reserved 1048576K
Event: 1.844 GC heap after
Heap after GC invocations=4 (full 0):
 PSYoungGen      total 35840K, used 1008K [0x00000000f5900000, 0x00000000f7d00000, 0x0000000100000000)
  eden space 34816K, 0% used [0x00000000f5900000,0x00000000f5900000,0x00000000f7b00000)
  from space 1024K, 98% used [0x00000000f7c00000,0x00000000f7cfc010,0x00000000f7d00000)
  to   space 1024K, 0% used [0x00000000f7b00000,0x00000000f7b00000,0x00000000f7c00000)
 ParOldGen       total 22016K, used 7393K [0x00000000e0a00000, 0x00000000e1f80000, 0x00000000f5900000)
  object space 22016K, 33% used [0x00000000e0a00000,0x00000000e1138648,0x00000000e1f80000)
 Metaspace       used 10583K, capacity 10742K, committed 11008K, reserved 1058816K
  class space    used 1327K, capacity 1411K, committed 1536K, reserved 1048576K
}
Event: 3.107 GC heap before
{Heap before GC invocations=5 (full 0):
 PSYoungGen      total 35840K, used 35824K [0x00000000f5900000, 0x00000000f7d00000, 0x0000000100000000)
  eden space 34816K, 100% used [0x00000000f5900000,0x00000000f7b00000,0x00000000f7b00000)
  from space 1024K, 98% used [0x00000000f7c00000,0x00000000f7cfc010,0x00000000f7d00000)
  to   space 1024K, 0% used [0x00000000f7b00000,0x00000000f7b00000,0x00000000f7c00000)
 ParOldGen       total 22016K, used 7393K [0x00000000e0a00000, 0x00000000e1f80000, 0x00000000f5900000)
  object space 22016K, 33% used [0x00000000e0a00000,0x00000000e1138648,0x00000000e1f80000)
 Metaspace       used 13681K, capacity 13842K, committed 14208K, reserved 1060864K
  class space    used 1712K, capacity 1799K, committed 1920K, reserved 1048576K
Event: 3.134 GC heap after
Heap after GC invocations=5 (full 0):
 PSYoungGen      total 35840K, used 992K [0x00000000f5900000, 0x00000000fa700000, 0x0000000100000000)
  eden space 34816K, 0% used [0x00000000f5900000,0x00000000f5900000,0x00000000f7b00000)
  from space 1024K, 96% used [0x00000000f7b00000,0x00000000f7bf8040,0x00000000f7c00000)
  to   space 5120K, 0% used [0x00000000fa200000,0x00000000fa200000,0x00000000fa700000)
 ParOldGen       total 22016K, used 10886K [0x00000000e0a00000, 0x00000000e1f80000, 0x00000000f5900000)
  object space 22016K, 49% used [0x00000000e0a00000,0x00000000e14a1b70,0x00000000e1f80000)
 Metaspace       used 13681K, capacity 13842K, committed 14208K, reserved 1060864K
  class space    used 1712K, capacity 1799K, committed 1920K, reserved 1048576K
}
Event: 4.264 GC heap before
{Heap before GC invocations=6 (full 0):
 PSYoungGen      total 35840K, used 35808K [0x00000000f5900000, 0x00000000fa700000, 0x0000000100000000)
  eden space 34816K, 100% used [0x00000000f5900000,0x00000000f7b00000,0x00000000f7b00000)
  from space 1024K, 96% used [0x00000000f7b00000,0x00000000f7bf8040,0x00000000f7c00000)
  to   space 5120K, 0% used [0x00000000fa200000,0x00000000fa200000,0x00000000fa700000)
 ParOldGen       total 22016K, used 10886K [0x00000000e0a00000, 0x00000000e1f80000, 0x00000000f5900000)
  object space 22016K, 49% used [0x00000000e0a00000,0x00000000e14a1b70,0x00000000e1f80000)
 Metaspace       used 15831K, capacity 16070K, committed 16128K, reserved 1062912K
  class space    used 1929K, capacity 2036K, committed 2048K, reserved 1048576K
Event: 4.336 GC heap after
Heap after GC invocations=6 (full 0):
 PSYoungGen      total 74240K, used 4514K [0x00000000f5900000, 0x00000000fa800000, 0x0000000100000000)
  eden space 69120K, 0% used [0x00000000f5900000,0x00000000f5900000,0x00000000f9c80000)
  from space 5120K, 88% used [0x00000000fa200000,0x00000000fa668a38,0x00000000fa700000)
  to   space 5632K, 0% used [0x00000000f9c80000,0x00000000f9c80000,0x00000000fa200000)
 ParOldGen       total 22016K, used 10894K [0x00000000e0a00000, 0x00000000e1f80000, 0x00000000f5900000)
  object space 22016K, 49% used [0x00000000e0a00000,0x00000000e14a3b70,0x00000000e1f80000)
 Metaspace       used 15831K, capacity 16070K, committed 16128K, reserved 1062912K
  class space    used 1929K, capacity 2036K, committed 2048K, reserved 1048576K
}
Event: 5.909 GC heap before
{Heap before GC invocations=7 (full 0):
 PSYoungGen      total 74240K, used 73634K [0x00000000f5900000, 0x00000000fa800000, 0x0000000100000000)
  eden space 69120K, 100% used [0x00000000f5900000,0x00000000f9c80000,0x00000000f9c80000)
  from space 5120K, 88% used [0x00000000fa200000,0x00000000fa668a38,0x00000000fa700000)
  to   space 5632K, 0% used [0x00000000f9c80000,0x00000000f9c80000,0x00000000fa200000)
 ParOldGen       total 22016K, used 10894K [0x00000000e0a00000, 0x00000000e1f80000, 0x00000000f5900000)
  object space 22016K, 49% used [0x00000000e0a00000,0x00000000e14a3b70,0x00000000e1f80000)
 Metaspace       used 17140K, capacity 17470K, committed 17536K, reserved 1064960K
  class space    used 2031K, capacity 2143K, committed 2176K, reserved 1048576K

Deoptimization events (10 events):
Event: 3.647 Thread 0x00007f408c00a000 Uncommon trap: reason=bimorphic action=maybe_recompile pc=0x00007f407d3f8db8 method=java.lang.ClassLoader.loadClass(Ljava/lang/String;Z)Ljava/lang/Class; @ 38
Event: 3.647 Thread 0x00007f408c00a000 Uncommon trap: reason=bimorphic action=maybe_recompile pc=0x00007f407d3f8db8 method=java.lang.ClassLoader.loadClass(Ljava/lang/String;Z)Ljava/lang/Class; @ 38
Event: 3.647 Thread 0x00007f408c00a000 Uncommon trap: reason=bimorphic action=maybe_recompile pc=0x00007f407d3f8db8 method=java.lang.ClassLoader.loadClass(Ljava/lang/String;Z)Ljava/lang/Class; @ 38
Event: 3.647 Thread 0x00007f408c00a000 Uncommon trap: reason=bimorphic action=maybe_recompile pc=0x00007f407d3f8db8 method=java.lang.ClassLoader.loadClass(Ljava/lang/String;Z)Ljava/lang/Class; @ 38
Event: 3.710 Thread 0x00007f408c00a000 Uncommon trap: reason=unstable_if action=reinterpret pc=0x00007f407d1e79a0 method=sun.nio.cs.UTF_8$Decoder.decode([BII[C)I @ 30
Event: 3.723 Thread 0x00007f408c00a000 Uncommon trap: reason=unstable_if action=reinterpret pc=0x00007f407d27f4d8 method=sun.nio.cs.UTF_8$Decoder.decodeArrayLoop(Ljava/nio/ByteBuffer;Ljava/nio/CharBuffer;)Ljava/nio/charset/CoderResult; @ 84
Event: 3.781 Thread 0x00007f408c00a000 Uncommon trap: reason=unstable_if action=reinterpret pc=0x00007f407d5d4798 method=org.codehaus.plexus.util.xml.pull.MXParser.nextImpl()I @ 972
Event: 5.290 Thread 0x00007f408c00a000 Uncommon trap: reason=class_check action=maybe_recompile pc=0x00007f407d3a2c04 method=java.lang.reflect.Executable.getAnnotation(Ljava/lang/Class;)Ljava/lang/annotation/Annotation; @ 19
Event: 5.556 Thread 0x00007f408c00a000 Uncommon trap: reason=unstable_if action=reinterpret pc=0x00007f407d803bfc method=org.codehaus.plexus.util.xml.pull.MXParser.nextImpl()I @ 555
Event: 5.647 Thread 0x00007f408c00a000 Uncommon trap: reason=unstable_if action=reinterpret pc=0x00007f407d350c0c method=java.util.HashMap.hash(Ljava/lang/Object;)I @ 1

Internal exceptions (10 events):
Event: 2.724 Thread 0x00007f408c00a000 Exception <a 'java/lang/NoClassDefFoundError': com/google/inject/servlet/ServletModuleTargetVisitor> (0x00000000f70e2cc0) thrown at [/HUDSON/workspace/8-2-build-linux-amd64/jdk8u151/9699/hotspot/src/share/vm/classfile/systemDictionary.cpp, line 199]
Event: 2.724 Thread 0x00007f408c00a000 Exception <a 'java/lang/NoClassDefFoundError'> (0x00000000f70e2cc0) thrown at [/HUDSON/workspace/8-2-build-linux-amd64/jdk8u151/9699/hotspot/src/share/vm/prims/jvm.cpp, line 1394]
Event: 2.725 Thread 0x00007f408c00a000 Exception <a 'java/lang/NoClassDefFoundError': javax/annotation/Priority> (0x00000000f70e7580) thrown at [/HUDSON/workspace/8-2-build-linux-amd64/jdk8u151/9699/hotspot/src/share/vm/classfile/systemDictionary.cpp, line 199]
Event: 3.406 Thread 0x00007f408c00a000 Exception <a 'java/lang/NullPointerException'> (0x00000000f62885c0) thrown at [/HUDSON/workspace/8-2-build-linux-amd64/jdk8u151/9699/hotspot/src/share/vm/interpreter/linkResolver.cpp, line 1183]
Event: 3.406 Thread 0x00007f408c00a000 Exception <a 'java/lang/NullPointerException'> (0x00000000f62887d8) thrown at [/HUDSON/workspace/8-2-build-linux-amd64/jdk8u151/9699/hotspot/src/share/vm/interpreter/linkResolver.cpp, line 1183]
Event: 3.406 Thread 0x00007f408c00a000 Exception <a 'java/lang/NullPointerException'> (0x00000000f62889f0) thrown at [/HUDSON/workspace/8-2-build-linux-amd64/jdk8u151/9699/hotspot/src/share/vm/interpreter/linkResolver.cpp, line 1183]
Event: 3.407 Thread 0x00007f408c00a000 Exception <a 'java/lang/NullPointerException'> (0x00000000f628d898) thrown at [/HUDSON/workspace/8-2-build-linux-amd64/jdk8u151/9699/hotspot/src/share/vm/interpreter/linkResolver.cpp, line 1183]
Event: 3.407 Thread 0x00007f408c00a000 Exception <a 'java/lang/NullPointerException'> (0x00000000f628dab0) thrown at [/HUDSON/workspace/8-2-build-linux-amd64/jdk8u151/9699/hotspot/src/share/vm/interpreter/linkResolver.cpp, line 1183]
Event: 3.407 Thread 0x00007f408c00a000 Exception <a 'java/lang/NullPointerException'> (0x00000000f628dcc8) thrown at [/HUDSON/workspace/8-2-build-linux-amd64/jdk8u151/9699/hotspot/src/share/vm/interpreter/linkResolver.cpp, line 1183]
Event: 5.647 Thread 0x00007f408c00a000 Implicit null exception at 0x00007f407d3509f5 to 0x00007f407d350bfd

Events (10 events):
Event: 5.579 loading class org/apache/maven/plugin/MojoExecution$Source
Event: 5.579 loading class org/apache/maven/plugin/MojoExecution$Source done
Event: 5.639 loading class java/util/TreeMap$Values
Event: 5.640 loading class java/util/TreeMap$Values done
Event: 5.640 loading class java/util/TreeMap$ValueIterator
Event: 5.640 loading class java/util/TreeMap$ValueIterator done
Event: 5.647 Thread 0x00007f408c00a000 Uncommon trap: trap_request=0xffffff65 fr.pc=0x00007f407d350c0c
Event: 5.647 Thread 0x00007f408c00a000 DEOPT PACKING pc=0x00007f407d350c0c sp=0x00007f40950ad610
Event: 5.647 Thread 0x00007f408c00a000 DEOPT UNPACKING pc=0x00007f407d004f69 sp=0x00007f40950ad578 mode 2
Event: 5.907 Executing VM operation: ParallelGCFailedAllocation


Dynamic libraries:
00400000-00401000 r-xp 00000000 fd:01 262148                             /usr/lib/jvm/java-8-oracle/bin/java
00600000-00601000 rw-p 00000000 fd:01 262148                             /usr/lib/jvm/java-8-oracle/bin/java
00b5f000-00b80000 rw-p 00000000 00:00 0                                  [heap]
e0a00000-e1f80000 rw-p 00000000 00:00 0 
e1f80000-f5900000 ---p 00000000 00:00 0 
f5900000-fa800000 rw-p 00000000 00:00 0 
fef00000-100000000 ---p 00000000 00:00 0 
100000000-100220000 rw-p 00000000 00:00 0 
100220000-140000000 ---p 00000000 00:00 0 
7f404fe00000-7f404ff00000 rw-p 00000000 00:00 0 
7f404ff00000-7f4050000000 ---p 00000000 00:00 0 
7f4050000000-7f4050021000 rw-p 00000000 00:00 0 
7f4050021000-7f4054000000 ---p 00000000 00:00 0 
7f4054000000-7f4054021000 rw-p 00000000 00:00 0 
7f4054021000-7f4058000000 ---p 00000000 00:00 0 
7f4058000000-7f40596cc000 rw-p 00000000 00:00 0 
7f40596cc000-7f405c000000 ---p 00000000 00:00 0 
7f405c000000-7f405d0d1000 rw-p 00000000 00:00 0 
7f405d0d1000-7f4060000000 ---p 00000000 00:00 0 
7f4060000000-7f4060021000 rw-p 00000000 00:00 0 
7f4060021000-7f4064000000 ---p 00000000 00:00 0 
7f4064016000-7f4064018000 r--s 00005000 fd:01 1292314                    /root/.m2/repository/org/codehaus/plexus/plexus-compiler-api/2.3/plexus-compiler-api-2.3.jar
7f4064018000-7f406401a000 r--s 00002000 fd:01 1292315                    /root/.m2/repository/org/sonatype/plexus/plexus-cipher/1.4/plexus-cipher-1.4.jar
7f406401a000-7f406401b000 r--s 00006000 fd:01 1292311                    /root/.m2/repository/org/sonatype/plexus/plexus-sec-dispatcher/1.3/plexus-sec-dispatcher-1.3.jar
7f406401b000-7f406401d000 r--s 00000000 fd:01 785665                     /root/.m2/repository/org/codehaus/plexus/plexus-component-annotations/1.5.5/plexus-component-annotations-1.5.5.jar
7f406401d000-7f4064020000 r--s 0000d000 fd:01 1292306                    /root/.m2/repository/org/codehaus/plexus/plexus-interpolation/1.19/plexus-interpolation-1.19.jar
7f4064020000-7f4064024000 r--s 0001d000 fd:01 1292304                    /root/.m2/repository/org/eclipse/aether/aether-util/0.9.0.M2/aether-util-0.9.0.M2.jar
7f4064024000-7f4064027000 r--s 0001b000 fd:01 1054737                    /root/.m2/repository/junit/junit/3.8.2/junit-3.8.2.jar
7f4064027000-7f4064033000 r--s 0006f000 fd:01 1054735                    /root/.m2/repository/com/google/code/google-collections/google-collect/snapshot-20080530/google-collect-snapshot-20080530.jar
7f4064033000-7f4064034000 r--s 0000a000 fd:01 1054734                    /root/.m2/repository/commons-logging/commons-logging-api/1.1/commons-logging-api-1.1.jar
7f4064034000-7f406403b000 r--s 00051000 fd:01 1054731                    /root/.m2/repository/log4j/log4j/1.2.12/log4j-1.2.12.jar
7f406403b000-7f406403f000 r--s 0001d000 fd:01 1054729                    /root/.m2/repository/org/apache/xbean/xbean-reflect/3.4/xbean-reflect-3.4.jar
7f406403f000-7f4064044000 r--s 00041000 fd:01 785657                     /root/.m2/repository/commons-lang/commons-lang/2.6/commons-lang-2.6.jar
7f4064044000-7f4064047000 r--s 00013000 fd:01 785655                     /root/.m2/repository/commons-io/commons-io/1.3.2/commons-io-1.3.2.jar
7f4064047000-7f4064049000 r--s 0000c000 fd:01 785654                     /root/.m2/repository/org/apache/commons/commons-exec/1.2/commons-exec-1.2.jar
7f4064049000-7f406404f000 r--s 00042000 fd:01 785651                     /root/.m2/repository/org/eclipse/sisu/org.eclipse.sisu.inject/0.0.0.M5/org.eclipse.sisu.inject-0.0.0.M5.jar
7f406404f000-7f4064051000 r--s 00000000 fd:01 785650                     /root/.m2/repository/aopalliance/aopalliance/1.0/aopalliance-1.0.jar
7f4064051000-7f4064059000 r--s 00050000 fd:01 542102                     /root/.m2/repository/org/sonatype/sisu/sisu-guice/3.1.0/sisu-guice-3.1.0-no_aop.jar
7f4064059000-7f406405c000 r--s 00006000 fd:01 785645                     /root/.m2/repository/com/google/code/findbugs/jsr305/1.3.9/jsr305-1.3.9.jar
7f406405c000-7f406407a000 r--s 00151000 fd:01 785647                     /root/.m2/repository/com/google/guava/guava/10.0.1/guava-10.0.1.jar
7f406407a000-7f406407b000 r--s 00001000 fd:01 785641                     /root/.m2/repository/javax/annotation/jsr250-api/1.0/jsr250-api-1.0.jar
7f406407b000-7f406407e000 r--s 00008000 fd:01 542109                     /root/.m2/repository/javax/enterprise/cdi-api/1.0/cdi-api-1.0.jar
7f406407e000-7f4064082000 r--s 0003a000 fd:01 542101                     /root/.m2/repository/org/codehaus/plexus/plexus-utils/3.0.17/plexus-utils-3.0.17.jar
7f4064082000-7f4064083000 r--s 00003000 fd:01 542097                     /root/.m2/repository/org/apache/maven/plugin-tools/maven-plugin-annotations/3.2/maven-plugin-annotations-3.2.jar
7f4064083000-7f4064085000 r--s 0000e000 fd:01 542096                     /root/.m2/repository/com/theoryinpractise/clojure-maven-plugin/1.7.1/clojure-maven-plugin-1.7.1.jar
7f4064085000-7f4064096000 r-xp 00000000 fd:01 263911                     /usr/lib/jvm/java-8-oracle/jre/lib/amd64/libnio.so
7f4064096000-7f4064295000 ---p 00011000 fd:01 263911                     /usr/lib/jvm/java-8-oracle/jre/lib/amd64/libnio.so
7f4064295000-7f4064296000 rw-p 00010000 fd:01 263911                     /usr/lib/jvm/java-8-oracle/jre/lib/amd64/libnio.so
7f4064296000-7f4067297000 rw-p 00000000 00:00 0 
7f4067297000-7f40672ae000 r-xp 00000000 fd:01 263908                     /usr/lib/jvm/java-8-oracle/jre/lib/amd64/libnet.so
7f40672ae000-7f40674ad000 ---p 00017000 fd:01 263908                     /usr/lib/jvm/java-8-oracle/jre/lib/amd64/libnet.so
7f40674ad000-7f40674ae000 rw-p 00016000 fd:01 263908                     /usr/lib/jvm/java-8-oracle/jre/lib/amd64/libnet.so
7f40674ae000-7f40674b3000 r--s 0009a000 fd:01 263751                     /usr/lib/jvm/java-8-oracle/jre/lib/jsse.jar
7f40674b3000-7f40676b3000 rw-p 00000000 00:00 0 
7f40676b3000-7f40678b3000 rw-p 00000000 00:00 0 
7f40678b3000-7f4067ab3000 rw-p 00000000 00:00 0 
7f4067ab3000-7f4067ab5000 r--s 00006000 fd:01 69090                      /usr/share/java/eclipse-aether-spi.jar
7f4067ab5000-7f4067ab9000 r--s 00038000 fd:01 69269                      /usr/share/java/plexus-utils2.jar
7f4067ab9000-7f4067aba000 r--s 0000a000 fd:01 69343                      /usr/share/java/maven3-settings-3.3.9.jar
7f4067aba000-7f4067abc000 r--s 00005000 fd:01 69091                      /usr/share/java/eclipse-aether-transport-wagon.jar
7f4067abc000-7f4067aca000 r--s 00095000 fd:01 69117                      /usr/share/java/guice.jar
7f4067aca000-7f4067afb000 r--s 00207000 fd:01 69326                      /usr/share/java/wagon-http-shaded-2.x.jar
7f4067afb000-7f4067afc000 ---p 00000000 00:00 0 
7f4067afc000-7f4067bfc000 rw-p 00000000 00:00 0 
7f4067bfc000-7f4067bff000 ---p 00000000 00:00 0 
7f4067bff000-7f4067cfd000 rw-p 00000000 00:00 0 
7f4067cfd000-7f4067d00000 ---p 00000000 00:00 0 
7f4067d00000-7f4067dfe000 rw-p 00000000 00:00 0 
7f4067dfe000-7f4067e01000 ---p 00000000 00:00 0 
7f4067e01000-7f4067eff000 rw-p 00000000 00:00 0 
7f4067eff000-7f4067f02000 ---p 00000000 00:00 0 
7f4067f02000-7f4068000000 rw-p 00000000 00:00 0 
7f4068000000-7f4068021000 rw-p 00000000 00:00 0 
7f4068021000-7f406c000000 ---p 00000000 00:00 0 
7f406c000000-7f406c021000 rw-p 00000000 00:00 0 
7f406c021000-7f4070000000 ---p 00000000 00:00 0 
7f4070000000-7f4070022000 rw-p 00000000 00:00 0 
7f4070022000-7f4074000000 ---p 00000000 00:00 0 
7f4074000000-7f40742a8000 rw-p 00000000 00:00 0 
7f40742a8000-7f4078000000 ---p 00000000 00:00 0 
7f4078000000-7f4078021000 rw-p 00000000 00:00 0 
7f4078021000-7f407c000000 ---p 00000000 00:00 0 
7f407c000000-7f407c002000 r--s 00001000 fd:01 69353                      /usr/share/java/maven3-builder-support-3.3.9.jar
7f407c002000-7f407c007000 r--s 00025000 fd:01 69348                      /usr/share/java/maven3-model-builder-3.3.9.jar
7f407c007000-7f407c00e000 r--s 0002c000 fd:01 69316                      /usr/share/java/sisu-plexus.jar
7f407c00e000-7f407c00f000 r--s 00006000 fd:01 69213                      /usr/share/java/plexus-sec-dispatcher.jar
7f407c00f000-7f407c010000 r--s 00002000 fd:01 68968                      /usr/share/java/slf4j-simple.jar
7f407c010000-7f407c012000 r--s 00001000 fd:01 69108                      /usr/share/java/aopalliance-1.0.jar
7f407c012000-7f407c015000 r--s 00007000 fd:01 69352                      /usr/share/java/maven3-settings-builder-3.3.9.jar
7f407c015000-7f407c019000 r--s 00020000 fd:01 69093                      /usr/share/java/eclipse-aether-util.jar
7f407c019000-7f407c026000 r--s 0008d000 fd:01 69346                      /usr/share/java/maven3-core-3.3.9.jar
7f407c026000-7f407c028000 r--s 00027000 fd:01 69350                      /usr/share/java/maven3-model-3.3.9.jar
7f407c028000-7f407c02a000 r--s 0000a000 fd:01 69323                      /usr/share/java/wagon-provider-api-2.x.jar
7f407c02a000-7f407c02c000 r--s 0000e000 fd:01 68930                      /usr/share/java/plexus-interpolation.jar
7f407c02c000-7f407c02e000 r--s 00013000 fd:01 69349                      /usr/share/java/maven3-embedder-3.3.9.jar
7f407c02e000-7f407c035000 r--s 0005d000 fd:01 68827                      /usr/share/java/commons-lang3.jar
7f407c035000-7f407c037000 r--s 00007000 fd:01 68971                      /usr/share/java/slf4j-api.jar
7f407c037000-7f407c039000 r--s 00002000 fd:01 69207                      /usr/share/java/plexus-cipher.jar
7f407c039000-7f407c03e000 r--s 00040000 fd:01 68821                      /usr/share/java/commons-lang-2.6.jar
7f407c03e000-7f407c040000 r--s 0000a000 fd:01 68783                      /usr/share/java/commons-cli-1.3.1.jar
7f407c040000-7f407c042000 r--s 00000000 fd:01 69281                      /usr/share/java/plexus-component-annotations-1.5.jar
7f407c042000-7f407c047000 r--s 0001d000 fd:01 69092                      /usr/share/java/eclipse-aether-api.jar
7f407c047000-7f407c049000 r--s 0000a000 fd:01 69344                      /usr/share/java/maven3-plugin-api-3.3.9.jar
7f407c049000-7f407c04a000 r--s 00004000 fd:01 68734                      /usr/share/java/atinject-jsr330-tck-1.0.jar
7f407c04a000-7f407c04b000 r--s 00001000 fd:01 69329                      /usr/share/java/wagon-http-shared-2.x.jar
7f407c04b000-7f407c04f000 r--s 00027000 fd:01 68815                      /usr/share/java/commons-io-2.4.jar
7f407c04f000-7f407c057000 r--s 00054000 fd:01 69310                      /usr/share/java/sisu-inject.jar
7f407c057000-7f407c083000 r--s 00208000 fd:01 69008                      /usr/share/java/guava.jar
7f407c083000-7f407c21b000 r--p 00000000 fd:01 28968                      /usr/lib/locale/locale-archive
7f407c21b000-7f407c21e000 ---p 00000000 00:00 0 
7f407c21e000-7f407c31c000 rw-p 00000000 00:00 0 
7f407c31c000-7f407c31f000 ---p 00000000 00:00 0 
7f407c31f000-7f407c41d000 rw-p 00000000 00:00 0 
7f407c41d000-7f407c41e000 ---p 00000000 00:00 0 
7f407c41e000-7f407ce27000 rw-p 00000000 00:00 0 
7f407ce27000-7f407d000000 r--s 03d5a000 fd:01 263694                     /usr/lib/jvm/java-8-oracle/jre/lib/rt.jar
7f407d000000-7f407d890000 rwxp 00000000 00:00 0 
7f407d890000-7f408c000000 ---p 00000000 00:00 0 
7f408c000000-7f408caba000 rw-p 00000000 00:00 0 
7f408caba000-7f4090000000 ---p 00000000 00:00 0 
7f4090000000-7f4090001000 r--s 00008000 fd:01 69088                      /usr/share/java/eclipse-aether-connector-basic.jar
7f4090001000-7f4090002000 r--s 00001000 fd:01 69322                      /usr/share/java/wagon-file-2.x.jar
7f4090002000-7f4090008000 r--s 00048000 fd:01 68995                      /usr/share/java/jsoup.jar
7f4090008000-7f409000b000 r--s 0000a000 fd:01 69354                      /usr/share/java/maven3-artifact-3.3.9.jar
7f409000b000-7f409000e000 r--s 00008000 fd:01 68763                      /usr/share/java/cdi-api-1.0.jar
7f409000e000-7f4091a3c000 rw-p 00000000 00:00 0 
7f4091a3c000-7f4091a3d000 ---p 00000000 00:00 0 
7f4091a3d000-7f4091b3d000 rw-p 00000000 00:00 0 
7f4091b3d000-7f4091b3e000 ---p 00000000 00:00 0 
7f4091b3e000-7f4091c49000 rw-p 00000000 00:00 0 
7f4091c49000-7f4091ce5000 ---p 00000000 00:00 0 
7f4091ce5000-7f4091d0d000 rw-p 00000000 00:00 0 
7f4091d0d000-7f4091d39000 ---p 00000000 00:00 0 
7f4091d39000-7f4091d5d000 rw-p 00000000 00:00 0 
7f4091d5d000-7f40920fa000 ---p 00000000 00:00 0 
7f40920fa000-7f4092115000 r-xp 00000000 fd:01 263904                     /usr/lib/jvm/java-8-oracle/jre/lib/amd64/libzip.so
7f4092115000-7f4092315000 ---p 0001b000 fd:01 263904                     /usr/lib/jvm/java-8-oracle/jre/lib/amd64/libzip.so
7f4092315000-7f4092316000 rw-p 0001b000 fd:01 263904                     /usr/lib/jvm/java-8-oracle/jre/lib/amd64/libzip.so
7f4092316000-7f4092321000 r-xp 00000000 fd:01 1970                       /lib/x86_64-linux-gnu/libnss_files-2.23.so
7f4092321000-7f4092520000 ---p 0000b000 fd:01 1970                       /lib/x86_64-linux-gnu/libnss_files-2.23.so
7f4092520000-7f4092521000 r--p 0000a000 fd:01 1970                       /lib/x86_64-linux-gnu/libnss_files-2.23.so
7f4092521000-7f4092522000 rw-p 0000b000 fd:01 1970                       /lib/x86_64-linux-gnu/libnss_files-2.23.so
7f4092522000-7f4092528000 rw-p 00000000 00:00 0 
7f4092528000-7f4092533000 r-xp 00000000 fd:01 1973                       /lib/x86_64-linux-gnu/libnss_nis-2.23.so
7f4092533000-7f4092732000 ---p 0000b000 fd:01 1973                       /lib/x86_64-linux-gnu/libnss_nis-2.23.so
7f4092732000-7f4092733000 r--p 0000a000 fd:01 1973                       /lib/x86_64-linux-gnu/libnss_nis-2.23.so
7f4092733000-7f4092734000 rw-p 0000b000 fd:01 1973                       /lib/x86_64-linux-gnu/libnss_nis-2.23.so
7f4092734000-7f409274a000 r-xp 00000000 fd:01 1966                       /lib/x86_64-linux-gnu/libnsl-2.23.so
7f409274a000-7f4092949000 ---p 00016000 fd:01 1966                       /lib/x86_64-linux-gnu/libnsl-2.23.so
7f4092949000-7f409294a000 r--p 00015000 fd:01 1966                       /lib/x86_64-linux-gnu/libnsl-2.23.so
7f409294a000-7f409294b000 rw-p 00016000 fd:01 1966                       /lib/x86_64-linux-gnu/libnsl-2.23.so
7f409294b000-7f409294d000 rw-p 00000000 00:00 0 
7f409294d000-7f4092955000 r-xp 00000000 fd:01 1983                       /lib/x86_64-linux-gnu/libnss_compat-2.23.so
7f4092955000-7f4092b54000 ---p 00008000 fd:01 1983                       /lib/x86_64-linux-gnu/libnss_compat-2.23.so
7f4092b54000-7f4092b55000 r--p 00007000 fd:01 1983                       /lib/x86_64-linux-gnu/libnss_compat-2.23.so
7f4092b55000-7f4092b56000 rw-p 00008000 fd:01 1983                       /lib/x86_64-linux-gnu/libnss_compat-2.23.so
7f4092b56000-7f4092b81000 r-xp 00000000 fd:01 263898                     /usr/lib/jvm/java-8-oracle/jre/lib/amd64/libjava.so
7f4092b81000-7f4092d80000 ---p 0002b000 fd:01 263898                     /usr/lib/jvm/java-8-oracle/jre/lib/amd64/libjava.so
7f4092d80000-7f4092d82000 rw-p 0002a000 fd:01 263898                     /usr/lib/jvm/java-8-oracle/jre/lib/amd64/libjava.so
7f4092d82000-7f4092d8f000 r-xp 00000000 fd:01 263903                     /usr/lib/jvm/java-8-oracle/jre/lib/amd64/libverify.so
7f4092d8f000-7f4092f8f000 ---p 0000d000 fd:01 263903                     /usr/lib/jvm/java-8-oracle/jre/lib/amd64/libverify.so
7f4092f8f000-7f4092f91000 rw-p 0000d000 fd:01 263903                     /usr/lib/jvm/java-8-oracle/jre/lib/amd64/libverify.so
7f4092f91000-7f4092f98000 r-xp 00000000 fd:01 1975                       /lib/x86_64-linux-gnu/librt-2.23.so
7f4092f98000-7f4093197000 ---p 00007000 fd:01 1975                       /lib/x86_64-linux-gnu/librt-2.23.so
7f4093197000-7f4093198000 r--p 00006000 fd:01 1975                       /lib/x86_64-linux-gnu/librt-2.23.so
7f4093198000-7f4093199000 rw-p 00007000 fd:01 1975                       /lib/x86_64-linux-gnu/librt-2.23.so
7f4093199000-7f40932a1000 r-xp 00000000 fd:01 1990                       /lib/x86_64-linux-gnu/libm-2.23.so
7f40932a1000-7f40934a0000 ---p 00108000 fd:01 1990                       /lib/x86_64-linux-gnu/libm-2.23.so
7f40934a0000-7f40934a1000 r--p 00107000 fd:01 1990                       /lib/x86_64-linux-gnu/libm-2.23.so
7f40934a1000-7f40934a2000 rw-p 00108000 fd:01 1990                       /lib/x86_64-linux-gnu/libm-2.23.so
7f40934a2000-7f4094175000 r-xp 00000000 fd:01 263881                     /usr/lib/jvm/java-8-oracle/jre/lib/amd64/server/libjvm.so
7f4094175000-7f4094374000 ---p 00cd3000 fd:01 263881                     /usr/lib/jvm/java-8-oracle/jre/lib/amd64/server/libjvm.so
7f4094374000-7f409444e000 rw-p 00cd2000 fd:01 263881                     /usr/lib/jvm/java-8-oracle/jre/lib/amd64/server/libjvm.so
7f409444e000-7f4094499000 rw-p 00000000 00:00 0 
7f4094499000-7f4094659000 r-xp 00000000 fd:01 1995                       /lib/x86_64-linux-gnu/libc-2.23.so
7f4094659000-7f4094859000 ---p 001c0000 fd:01 1995                       /lib/x86_64-linux-gnu/libc-2.23.so
7f4094859000-7f409485d000 r--p 001c0000 fd:01 1995                       /lib/x86_64-linux-gnu/libc-2.23.so
7f409485d000-7f409485f000 rw-p 001c4000 fd:01 1995                       /lib/x86_64-linux-gnu/libc-2.23.so
7f409485f000-7f4094863000 rw-p 00000000 00:00 0 
7f4094863000-7f4094866000 r-xp 00000000 fd:01 1982                       /lib/x86_64-linux-gnu/libdl-2.23.so
7f4094866000-7f4094a65000 ---p 00003000 fd:01 1982                       /lib/x86_64-linux-gnu/libdl-2.23.so
7f4094a65000-7f4094a66000 r--p 00002000 fd:01 1982                       /lib/x86_64-linux-gnu/libdl-2.23.so
7f4094a66000-7f4094a67000 rw-p 00003000 fd:01 1982                       /lib/x86_64-linux-gnu/libdl-2.23.so
7f4094a67000-7f4094a7d000 r-xp 00000000 fd:01 263509                     /usr/lib/jvm/java-8-oracle/lib/amd64/jli/libjli.so
7f4094a7d000-7f4094c7c000 ---p 00016000 fd:01 263509                     /usr/lib/jvm/java-8-oracle/lib/amd64/jli/libjli.so
7f4094c7c000-7f4094c7d000 rw-p 00015000 fd:01 263509                     /usr/lib/jvm/java-8-oracle/lib/amd64/jli/libjli.so
7f4094c7d000-7f4094c95000 r-xp 00000000 fd:01 1972                       /lib/x86_64-linux-gnu/libpthread-2.23.so
7f4094c95000-7f4094e94000 ---p 00018000 fd:01 1972                       /lib/x86_64-linux-gnu/libpthread-2.23.so
7f4094e94000-7f4094e95000 r--p 00017000 fd:01 1972                       /lib/x86_64-linux-gnu/libpthread-2.23.so
7f4094e95000-7f4094e96000 rw-p 00018000 fd:01 1972                       /lib/x86_64-linux-gnu/libpthread-2.23.so
7f4094e96000-7f4094e9a000 rw-p 00000000 00:00 0 
7f4094e9a000-7f4094ec0000 r-xp 00000000 fd:01 1967                       /lib/x86_64-linux-gnu/ld-2.23.so
7f4094ec0000-7f4094ec2000 r--s 00012000 fd:01 68755                      /usr/share/java/el-api-3.0.jar
7f4094ec2000-7f4094ec9000 r--s 00041000 fd:01 69345                      /usr/share/java/maven3-compat-3.3.9.jar
7f4094ec9000-7f4094ecd000 r--s 00027000 fd:01 69085                      /usr/share/java/eclipse-aether-impl.jar
7f4094ecd000-7f4094f0a000 rw-p 00000000 00:00 0 
7f4094f0a000-7f4094fa7000 ---p 00000000 00:00 0 
7f4094fa7000-7f4094faf000 rw-s 00000000 fd:01 1561613                    /tmp/hsperfdata_root/8326
7f4094faf000-7f4094fb2000 ---p 00000000 00:00 0 
7f4094fb2000-7f40950b4000 rw-p 00000000 00:00 0 
7f40950b4000-7f40950b5000 r--s 00000000 fd:01 68748                      /usr/share/java/geronimo-interceptor-3.0-spec-1.0.1.jar
7f40950b5000-7f40950b6000 r--s 00000000 fd:01 68735                      /usr/share/java/atinject-jsr330-api-1.0.jar
7f40950b6000-7f40950b7000 r--s 00006000 fd:01 69347                      /usr/share/java/maven3-repository-metadata-3.3.9.jar
7f40950b7000-7f40950b9000 r--s 0000d000 fd:01 69351                      /usr/share/java/maven3-aether-provider-3.3.9.jar
7f40950b9000-7f40950bb000 r--s 0000a000 fd:01 69263                      /usr/share/java/plexus-classworlds2-2.5.2.jar
7f40950bb000-7f40950bc000 rw-p 00000000 00:00 0 
7f40950bc000-7f40950bd000 ---p 00000000 00:00 0 
7f40950bd000-7f40950bf000 rw-p 00000000 00:00 0 
7f40950bf000-7f40950c0000 r--p 00025000 fd:01 1967                       /lib/x86_64-linux-gnu/ld-2.23.so
7f40950c0000-7f40950c1000 rw-p 00026000 fd:01 1967                       /lib/x86_64-linux-gnu/ld-2.23.so
7f40950c1000-7f40950c2000 rw-p 00000000 00:00 0 
7ffde4bc7000-7ffde4be8000 rw-p 00000000 00:00 0                          [stack]
7ffde4bf6000-7ffde4bf8000 r--p 00000000 00:00 0                          [vvar]
7ffde4bf8000-7ffde4bfa000 r-xp 00000000 00:00 0                          [vdso]
ffffffffff600000-ffffffffff601000 r-xp 00000000 00:00 0                  [vsyscall]

VM Arguments:
jvm_args: -Dclassworlds.conf=/usr/share/maven/bin/m2.conf -Dmaven.home=/usr/share/maven -Dmaven.multiModuleProjectDirectory=/opt/apache-storm-1.1.1/examples/storm-starter 
java_command: org.codehaus.plexus.classworlds.launcher.Launcher package -DskipTests
java_class_path (initial): /usr/share/maven/boot/plexus-classworlds-2.x.jar
Launcher Type: SUN_STANDARD

Environment Variables:
JAVA_HOME=/usr/lib/jvm/java-8-oracle
PATH=/usr/local/sbin:/usr/local/bin:/usr/sbin:/usr/bin:/sbin:/bin:/usr/games:/usr/local/games:/snap/bin:/usr/lib/jvm/java-8-oracle/bin:/usr/lib/jvm/java-8-oracle/db/bin:/usr/lib/jvm/java-8-oracle/jre/bin
SHELL=/bin/bash

Signal Handlers:
SIGSEGV: [libjvm.so+0xacbe10], sa_mask[0]=11111111011111111101111111111110, sa_flags=SA_RESTART|SA_SIGINFO
SIGBUS: [libjvm.so+0xacbe10], sa_mask[0]=11111111011111111101111111111110, sa_flags=SA_RESTART|SA_SIGINFO
SIGFPE: [libjvm.so+0x924f90], sa_mask[0]=11111111011111111101111111111110, sa_flags=SA_RESTART|SA_SIGINFO
SIGPIPE: [libjvm.so+0x924f90], sa_mask[0]=11111111011111111101111111111110, sa_flags=SA_RESTART|SA_SIGINFO
SIGXFSZ: [libjvm.so+0x924f90], sa_mask[0]=11111111011111111101111111111110, sa_flags=SA_RESTART|SA_SIGINFO
SIGILL: [libjvm.so+0x924f90], sa_mask[0]=11111111011111111101111111111110, sa_flags=SA_RESTART|SA_SIGINFO
SIGUSR1: SIG_DFL, sa_mask[0]=00000000000000000000000000000000, sa_flags=none
SIGUSR2: [libjvm.so+0x9267d0], sa_mask[0]=00000000000000000000000000000000, sa_flags=SA_RESTART|SA_SIGINFO
SIGHUP: [libjvm.so+0x927bd0], sa_mask[0]=11111111011111111101111111111110, sa_flags=SA_RESTART|SA_SIGINFO
SIGINT: [libjvm.so+0x927bd0], sa_mask[0]=11111111011111111101111111111110, sa_flags=SA_RESTART|SA_SIGINFO
SIGTERM: [libjvm.so+0x927bd0], sa_mask[0]=11111111011111111101111111111110, sa_flags=SA_RESTART|SA_SIGINFO
SIGQUIT: [libjvm.so+0x927bd0], sa_mask[0]=11111111011111111101111111111110, sa_flags=SA_RESTART|SA_SIGINFO


---------------  S Y S T E M  ---------------

OS:DISTRIB_ID=Ubuntu
DISTRIB_RELEASE=16.04
DISTRIB_CODENAME=xenial
DISTRIB_DESCRIPTION="Ubuntu 16.04.3 LTS"

uname:Linux 4.4.0-101-generic #124-Ubuntu SMP Fri Nov 10 18:29:59 UTC 2017 x86_64
libc:glibc 2.23 NPTL 2.23 
rlimit: STACK 8192k, CORE 0k, NPROC 7945, NOFILE 1048576, AS infinity
load average:0.89 0.87 0.65

/proc/meminfo:
MemTotal:        2048176 kB
MemFree:           59952 kB
MemAvailable:          0 kB
Buffers:             304 kB
Cached:             8748 kB
SwapCached:            0 kB
Active:          1910992 kB
Inactive:           4336 kB
Active(anon):    1909564 kB
Inactive(anon):     2824 kB
Active(file):       1428 kB
Inactive(file):     1512 kB
Unevictable:        3660 kB
Mlocked:            3660 kB
SwapTotal:             0 kB
SwapFree:              0 kB
Dirty:               192 kB
Writeback:             0 kB
AnonPages:       1910224 kB
Mapped:             5556 kB
Shmem:              3404 kB
Slab:              35872 kB
SReclaimable:      19584 kB
SUnreclaim:        16288 kB
KernelStack:        7648 kB
PageTables:        10380 kB
NFS_Unstable:          0 kB
Bounce:                0 kB
WritebackTmp:          0 kB
CommitLimit:     1024088 kB
Committed_AS:    3010296 kB
VmallocTotal:   34359738367 kB
VmallocUsed:           0 kB
VmallocChunk:          0 kB
HardwareCorrupted:     0 kB
AnonHugePages:    983040 kB
CmaTotal:              0 kB
CmaFree:               0 kB
HugePages_Total:       0
HugePages_Free:        0
HugePages_Rsvd:        0
HugePages_Surp:        0
Hugepagesize:       2048 kB
DirectMap4k:       61420 kB
DirectMap2M:     2035712 kB
DirectMap1G:           0 kB


CPU:total 2 (initial active 2) (1 cores per cpu, 1 threads per core) family 6 model 62 stepping 4, cmov, cx8, fxsr, mmx, sse, sse2, sse3, ssse3, sse4.1, sse4.2, popcnt, avx, aes, clmul, erms, tsc

/proc/cpuinfo:
processor	: 0
vendor_id	: GenuineIntel
cpu family	: 6
model		: 62
model name	: Intel(R) Xeon(R) CPU E5-2630L v2 @ 2.40GHz
stepping	: 4
microcode	: 0x1
cpu MHz		: 2399.998
cache size	: 15360 KB
physical id	: 0
siblings	: 1
core id		: 0
cpu cores	: 1
apicid		: 0
initial apicid	: 0
fpu		: yes
fpu_exception	: yes
cpuid level	: 13
wp		: yes
flags		: fpu vme de pse tsc msr pae mce cx8 apic sep mtrr pge mca cmov pat pse36 clflush mmx fxsr sse sse2 ss syscall nx pdpe1gb rdtscp lm constant_tsc arch_perfmon rep_good nopl eagerfpu pni pclmulqdq vmx ssse3 cx16 pcid sse4_1 sse4_2 x2apic popcnt tsc_deadline_timer aes xsave avx f16c rdrand hypervisor lahf_lm vnmi ept fsgsbase tsc_adjust smep erms xsaveopt arat
bugs		:
bogomips	: 4799.99
clflush size	: 64
cache_alignment	: 64
address sizes	: 40 bits physical, 48 bits virtual
power management:

processor	: 1
vendor_id	: GenuineIntel
cpu family	: 6
model		: 62
model name	: Intel(R) Xeon(R) CPU E5-2630L v2 @ 2.40GHz
stepping	: 4
microcode	: 0x1
cpu MHz		: 2399.998
cache size	: 15360 KB
physical id	: 1
siblings	: 1
core id		: 0
cpu cores	: 1
apicid		: 1
initial apicid	: 1
fpu		: yes
fpu_exception	: yes
cpuid level	: 13
wp		: yes
flags		: fpu vme de pse tsc msr pae mce cx8 apic sep mtrr pge mca cmov pat pse36 clflush mmx fxsr sse sse2 ss syscall nx pdpe1gb rdtscp lm constant_tsc arch_perfmon rep_good nopl eagerfpu pni pclmulqdq vmx ssse3 cx16 pcid sse4_1 sse4_2 x2apic popcnt tsc_deadline_timer aes xsave avx f16c rdrand hypervisor lahf_lm vnmi ept fsgsbase tsc_adjust smep erms xsaveopt arat
bugs		:
bogomips	: 4799.99
clflush size	: 64
cache_alignment	: 64
address sizes	: 40 bits physical, 48 bits virtual
power management:



Memory: 4k page, physical 2048176k(59916k free), swap 0k(0k free)

vm_info: Java HotSpot(TM) 64-Bit Server VM (25.151-b12) for linux-amd64 JRE (1.8.0_151-b12), built on Sep  5 2017 19:20:58 by "java_re" with gcc 4.3.0 20080428 (Red Hat 4.3.0-8)

time: Sat Dec  9 13:34:14 2017
elapsed time: 6 seconds (0d 0h 0m 6s)

